<?xml version="1.0" encoding="UTF-8" ?>
<testsuite tests="31" failures="0" name="AutomationTest.Test_Runner" time="0.018" errors="0" skipped="0">
  <properties>
    <property name="java.runtime.name" value="Java(TM) SE Runtime Environment"/>
    <property name="sun.boot.library.path" value="C:\Program Files\Java\jdk1.8.0_111\jre\bin"/>
    <property name="java.vm.version" value="25.111-b14"/>
    <property name="java.vm.vendor" value="Oracle Corporation"/>
    <property name="maven.multiModuleProjectDirectory" value="C:\Users\paul.buck\.jenkins\workspace\PleaseWork"/>
    <property name="java.vendor.url" value="http://java.oracle.com/"/>
    <property name="path.separator" value=";"/>
    <property name="guice.disable.misplaced.annotation.check" value="true"/>
    <property name="java.vm.name" value="Java HotSpot(TM) 64-Bit Server VM"/>
    <property name="file.encoding.pkg" value="sun.io"/>
    <property name="user.script" value=""/>
    <property name="user.country" value="GB"/>
    <property name="sun.java.launcher" value="SUN_STANDARD"/>
    <property name="sun.os.patch.level" value=""/>
    <property name="java.vm.specification.name" value="Java Virtual Machine Specification"/>
    <property name="user.dir" value="C:\Users\paul.buck\.jenkins\workspace\PleaseWork"/>
    <property name="java.runtime.version" value="1.8.0_111-b14"/>
    <property name="java.awt.graphicsenv" value="sun.awt.Win32GraphicsEnvironment"/>
    <property name="java.endorsed.dirs" value="C:\Program Files\Java\jdk1.8.0_111\jre\lib\endorsed"/>
    <property name="os.arch" value="amd64"/>
    <property name="java.io.tmpdir" value="C:\Users\PAUL~1.BUC\AppData\Local\Temp\"/>
    <property name="line.separator" value="
"/>
    <property name="java.vm.specification.vendor" value="Oracle Corporation"/>
    <property name="user.variant" value=""/>
    <property name="os.name" value="Windows 10"/>
    <property name="classworlds.conf" value="C:\Program Files\apache-maven-3.3.9-bin\apache-maven-3.3.9\bin\m2.conf"/>
    <property name="sun.jnu.encoding" value="Cp1252"/>
    <property name="java.library.path" value="C:\Program Files\Java\jdk1.8.0_111\bin;C:\WINDOWS\Sun\Java\bin;C:\WINDOWS\system32;C:\WINDOWS;C:\Program Files\apache-maven-3.3.9-bin\apache-maven-3.3.9/bin;C:\Program Files\Java\jdk1.8.0_111/bin;C:\Program Files\Java\jdk1.8.0_111/bin;C:\ProgramData\Oracle\Java\javapath;C:\WINDOWS\system32;C:\WINDOWS;C:\WINDOWS\System32\Wbem;C:\WINDOWS\System32\WindowsPowerShell\v1.0\;C:\Users\paul.buck\AppData\Local\Microsoft\WindowsApps;;."/>
    <property name="java.specification.name" value="Java Platform API Specification"/>
    <property name="java.class.version" value="52.0"/>
    <property name="sun.management.compiler" value="HotSpot 64-Bit Tiered Compilers"/>
    <property name="os.version" value="10.0"/>
    <property name="user.home" value="C:\Users\paul.buck"/>
    <property name="user.timezone" value="Europe/London"/>
    <property name="java.awt.printerjob" value="sun.awt.windows.WPrinterJob"/>
    <property name="java.specification.version" value="1.8"/>
    <property name="file.encoding" value="Cp1252"/>
    <property name="user.name" value="paul.buck"/>
    <property name="java.class.path" value="C:\Program Files\apache-maven-3.3.9-bin\apache-maven-3.3.9\boot\plexus-classworlds-2.5.2.jar"/>
    <property name="java.vm.specification.version" value="1.8"/>
    <property name="sun.arch.data.model" value="64"/>
    <property name="java.home" value="C:\Program Files\Java\jdk1.8.0_111\jre"/>
    <property name="sun.java.command" value="org.codehaus.plexus.classworlds.launcher.Launcher -f C:\Users\paul.buck\Downloads\AutomationTest\pom.xml test"/>
    <property name="java.specification.vendor" value="Oracle Corporation"/>
    <property name="user.language" value="en"/>
    <property name="awt.toolkit" value="sun.awt.windows.WToolkit"/>
    <property name="java.vm.info" value="mixed mode"/>
    <property name="java.version" value="1.8.0_111"/>
    <property name="java.ext.dirs" value="C:\Program Files\Java\jdk1.8.0_111\jre\lib\ext;C:\WINDOWS\Sun\Java\lib\ext"/>
    <property name="sun.boot.class.path" value="C:\Program Files\Java\jdk1.8.0_111\jre\lib\resources.jar;C:\Program Files\Java\jdk1.8.0_111\jre\lib\rt.jar;C:\Program Files\Java\jdk1.8.0_111\jre\lib\sunrsasign.jar;C:\Program Files\Java\jdk1.8.0_111\jre\lib\jsse.jar;C:\Program Files\Java\jdk1.8.0_111\jre\lib\jce.jar;C:\Program Files\Java\jdk1.8.0_111\jre\lib\charsets.jar;C:\Program Files\Java\jdk1.8.0_111\jre\lib\jfr.jar;C:\Program Files\Java\jdk1.8.0_111\jre\classes"/>
    <property name="java.vendor" value="Oracle Corporation"/>
    <property name="maven.home" value="C:\Program Files\apache-maven-3.3.9-bin\apache-maven-3.3.9"/>
    <property name="file.separator" value="\"/>
    <property name="java.vendor.url.bug" value="http://bugreport.sun.com/bugreport/"/>
    <property name="sun.cpu.endian" value="little"/>
    <property name="sun.io.unicode.encoding" value="UnicodeLittle"/>
    <property name="sun.desktop" value="windows"/>
    <property name="sun.cpu.isalist" value="amd64"/>
  </properties>
  <testcase classname="| http://www.google.com | BBC | Pink Floyd |" name="Given I want &quot;http://www.google.com&quot;" time="0"/>
  <testcase classname="| http://www.google.com | BBC | Pink Floyd |" name="Then Im &quot;BBC&quot; the site" time="0"/>
  <testcase classname="| http://www.google.com | BBC | Pink Floyd |" name="And Im select the BBC" time="0"/>
  <testcase classname="| http://www.google.com | BBC | Pink Floyd |" name="And Im again &quot;Pink Floyd&quot; the site" time="0"/>
  <testcase classname="| http://www.google.com | BBC | Pink Floyd |" name="Then Im select the first result, and get taken to the Pink Floyd page" time="0"/>
  <testcase classname="| http://www.google.com | BBC | Pink Floyd |" name="| http://www.google.com | BBC | Pink Floyd |" time="0.002"/>
  <testcase classname="| http://www.google.com | BBC | Pink Floyd |" name="Given I go to &quot;http://www.google.com&quot;" time="0"/>
  <testcase classname="| http://www.google.com | BBC | Pink Floyd |" name="Then I &quot;BBC&quot; the site" time="0"/>
  <testcase classname="| http://www.google.com | BBC | Pink Floyd |" name="And I select the BBC" time="0"/>
  <testcase classname="| http://www.google.com | BBC | Pink Floyd |" name="And I again &quot;Pink Floyd&quot; the site" time="0"/>
  <testcase classname="| http://www.google.com | BBC | Pink Floyd |" name="Then I select the first result, and get taken to the Pink Floyd page" time="0"/>
  <testcase classname="| http://www.google.com | BBC | Pink Floyd |" name="| http://www.google.com | BBC | Pink Floyd |" time="0"/>
  <testcase classname="| http://www.bbc.co.uk |" name="Given I want &quot;http://www.bbc.co.uk&quot;" time="0"/>
  <testcase classname="| http://www.bbc.co.uk |" name="| http://www.bbc.co.uk |" time="0.001"/>
  <testcase classname="| http://Paul.Buck@e2ebeta.yodel.net/pls/apex/f?p=106:1:7610393181530 |" name="Given I would like to go to &quot;http://Paul.Buck@e2ebeta.yodel.net/pls/apex/f?p=106:1:7610393181530&quot;" time="0"/>
  <testcase classname="| http://Paul.Buck@e2ebeta.yodel.net/pls/apex/f?p=106:1:7610393181530 |" name="When I select Where are my drivers" time="0"/>
  <testcase classname="| http://Paul.Buck@e2ebeta.yodel.net/pls/apex/f?p=106:1:7610393181530 |" name="And I select drivers" time="0"/>
  <testcase classname="| http://Paul.Buck@e2ebeta.yodel.net/pls/apex/f?p=106:1:7610393181530 |" name="Then I should see drivers" time="0"/>
  <testcase classname="| http://Paul.Buck@e2ebeta.yodel.net/pls/apex/f?p=106:1:7610393181530 |" name="| http://Paul.Buck@e2ebeta.yodel.net/pls/apex/f?p=106:1:7610393181530 |" time="0.015"/>
  <testcase classname="| https://www.yodel.co.uk/ | CH448BE |" name="Given I go to Yodel &quot;https://www.yodel.co.uk/&quot;" time="0"/>
  <testcase classname="| https://www.yodel.co.uk/ | CH448BE |" name="Then I Enter In a &quot;CH448BE&quot;" time="0"/>
  <testcase classname="| https://www.yodel.co.uk/ | CH448BE |" name="And I select Search" time="0"/>
  <testcase classname="| https://www.yodel.co.uk/ | CH448BE |" name="Then I should be given a validation prompt message" time="0"/>
  <testcase classname="| https://www.yodel.co.uk/ | CH448BE |" name="| https://www.yodel.co.uk/ | CH448BE |" time="0"/>
  <testcase classname="| http://Paul.Buck@e2ebeta.yodel.net/pls/apex/f?p=106:1:7610393181530 | CH448BE |" name="Given I want to connect to &quot;http://Paul.Buck@e2ebeta.yodel.net/pls/apex/f?p=106:1:7610393181530&quot;" time="0"/>
  <testcase classname="| http://Paul.Buck@e2ebeta.yodel.net/pls/apex/f?p=106:1:7610393181530 | CH448BE |" name="When I click on Parcel Enquiry" time="0"/>
  <testcase classname="| http://Paul.Buck@e2ebeta.yodel.net/pls/apex/f?p=106:1:7610393181530 | CH448BE |" name="And I click on option postcode" time="0"/>
  <testcase classname="| http://Paul.Buck@e2ebeta.yodel.net/pls/apex/f?p=106:1:7610393181530 | CH448BE |" name="And I enter my postcode &quot;CH448BE&quot;" time="0"/>
  <testcase classname="| http://Paul.Buck@e2ebeta.yodel.net/pls/apex/f?p=106:1:7610393181530 | CH448BE |" name="And I select parcel search" time="0"/>
  <testcase classname="| http://Paul.Buck@e2ebeta.yodel.net/pls/apex/f?p=106:1:7610393181530 | CH448BE |" name="Then I see a list of parcels" time="0"/>
  <testcase classname="| http://Paul.Buck@e2ebeta.yodel.net/pls/apex/f?p=106:1:7610393181530 | CH448BE |" name="| http://Paul.Buck@e2ebeta.yodel.net/pls/apex/f?p=106:1:7610393181530 | CH448BE |" time="0"/>
</testsuite>